__main__::INFO 2023-08-26 10:21:30,451: Running with database dialect: sqlite
utils.data_pull::INFO 2023-08-26 10:21:30,452: Updating Data: Steam - 252490 Market Listings (start=0, count=100)
utils.data_pull::INFO 2023-08-26 10:21:32,069: Data update (Steam - 252490 Market Listings (start=0, count=100)) took 1.6171955999998318
utils.data_pull::INFO 2023-08-26 10:21:32,069: Updating Data: Steam - 252490 Market Listings (start=100, count=100)
utils.data_pull::INFO 2023-08-26 10:21:39,500: Data update (Steam - 252490 Market Listings (start=100, count=100)) took 7.430601399999432
utils.data_pull::INFO 2023-08-26 10:21:39,500: Updating Data: Steam - 252490 Market Listings (start=200, count=100)
utils.data_pull::INFO 2023-08-26 10:21:39,822: Exception raised while trying to retreive data: "results" contained no elements
utils.data_pull::INFO 2023-08-26 10:21:39,824: Failed (1/8), sleeping for 3 seconds
utils.data_pull::INFO 2023-08-26 10:21:46,649: Data update (Steam - 252490 Market Listings (start=200, count=100)) took 7.148634700000912
utils.data_pull::INFO 2023-08-26 10:21:46,649: Updating Data: Steam - 252490 Market Listings (start=300, count=100)
utils.data_pull::INFO 2023-08-26 10:21:51,364: Data update (Steam - 252490 Market Listings (start=300, count=100)) took 4.715222500000891
utils.data_pull::INFO 2023-08-26 10:21:51,365: Updating Data: Steam - 252490 Market Listings (start=400, count=100)
__main__::INFO 2023-08-26 10:22:48,650: Starting application
__main__::INFO 2023-08-26 10:22:48,665: Running with database dialect: sqlite
utils.data_pull::INFO 2023-08-26 10:22:48,667: Updating Data: Steam - 252490 Market Listings (start=0, count=100)
utils.data_pull::INFO 2023-08-26 10:22:50,681: Data update (Steam - 252490 Market Listings (start=0, count=100)) took 2.0138807000003
utils.data_pull::INFO 2023-08-26 10:22:50,682: Updating Data: Steam - 252490 Market Listings (start=100, count=100)
utils.data_pull::INFO 2023-08-26 10:22:53,558: Data update (Steam - 252490 Market Listings (start=100, count=100)) took 2.8772052000003896
utils.data_pull::INFO 2023-08-26 10:22:53,559: Updating Data: Steam - 252490 Market Listings (start=200, count=100)
utils.data_pull::INFO 2023-08-26 10:22:53,853: Exception raised while trying to retreive data: "results" contained no elements
utils.data_pull::INFO 2023-08-26 10:22:53,853: Failed (1/8), sleeping for 3 seconds
